
*** Running vivado
    with args -log top.vdi -applog -m64 -product Vivado -messageDb vivado.pb -mode batch -source top.tcl -notrace


****** Vivado v2020.2 (64-bit)
  **** SW Build 3064766 on Wed Nov 18 09:12:47 MST 2020
  **** IP Build 3064653 on Wed Nov 18 14:17:31 MST 2020
    ** Copyright 1986-2020 Xilinx, Inc. All Rights Reserved.

source top.tcl -notrace
Command: link_design -top top -part xc7a100tcsg324-1
Design is defaulting to srcset: sources_1
Design is defaulting to constrset: constrs_1
INFO: [Device 21-403] Loading part xc7a100tcsg324-1
Netlist sorting complete. Time (s): cpu = 00:00:00 ; elapsed = 00:00:00 . Memory (MB): peak = 2345.172 ; gain = 0.000 ; free physical = 4582 ; free virtual = 10031
INFO: [Project 1-479] Netlist was created with Vivado 2020.2
INFO: [Project 1-570] Preparing netlist for logic optimization
Parsing XDC File [/home/spdy18695/workbench/Vivado_projects/FIFO/FIFO.srcs/constrs_1/new/FIFO.xdc]
Finished Parsing XDC File [/home/spdy18695/workbench/Vivado_projects/FIFO/FIFO.srcs/constrs_1/new/FIFO.xdc]
INFO: [Opt 31-138] Pushed 0 inverter(s) to 0 load pin(s).
Netlist sorting complete. Time (s): cpu = 00:00:00 ; elapsed = 00:00:00 . Memory (MB): peak = 2369.055 ; gain = 0.000 ; free physical = 4497 ; free virtual = 9946
INFO: [Project 1-111] Unisim Transformation Summary:
No Unisim elements were transformed.

5 Infos, 0 Warnings, 0 Critical Warnings and 0 Errors encountered.
link_design completed successfully
Command: opt_design
Attempting to get a license for feature 'Implementation' and/or device 'xc7a100t'
INFO: [Common 17-349] Got license for feature 'Implementation' and/or device 'xc7a100t'
Running DRC as a precondition to command opt_design

Starting DRC Task
INFO: [DRC 23-27] Running DRC with 4 threads
INFO: [Project 1-461] DRC finished with 0 Errors
INFO: [Project 1-462] Please refer to the DRC report (report_drc) for more information.

Time (s): cpu = 00:00:01 ; elapsed = 00:00:00.80 . Memory (MB): peak = 2401.070 ; gain = 32.016 ; free physical = 4486 ; free virtual = 9936

Starting Cache Timing Information Task
INFO: [Timing 38-35] Done setting XDC timing constraints.
Ending Cache Timing Information Task | Checksum: f5996f98

Time (s): cpu = 00:00:05 ; elapsed = 00:00:05 . Memory (MB): peak = 2526.883 ; gain = 125.812 ; free physical = 4096 ; free virtual = 9551

Starting Logic Optimization Task

Phase 1 Retarget
INFO: [Opt 31-138] Pushed 0 inverter(s) to 0 load pin(s).
INFO: [Opt 31-49] Retargeted 0 cell(s).
Phase 1 Retarget | Checksum: f5996f98

Time (s): cpu = 00:00:00.01 ; elapsed = 00:00:00.01 . Memory (MB): peak = 2695.852 ; gain = 0.000 ; free physical = 3926 ; free virtual = 9382
INFO: [Opt 31-389] Phase Retarget created 0 cells and removed 0 cells

Phase 2 Constant propagation
INFO: [Opt 31-138] Pushed 0 inverter(s) to 0 load pin(s).
Phase 2 Constant propagation | Checksum: f5996f98

Time (s): cpu = 00:00:00.01 ; elapsed = 00:00:00.01 . Memory (MB): peak = 2695.852 ; gain = 0.000 ; free physical = 3926 ; free virtual = 9382
INFO: [Opt 31-389] Phase Constant propagation created 0 cells and removed 0 cells

Phase 3 Sweep
Phase 3 Sweep | Checksum: f5996f98

Time (s): cpu = 00:00:00.01 ; elapsed = 00:00:00.01 . Memory (MB): peak = 2695.852 ; gain = 0.000 ; free physical = 3926 ; free virtual = 9382
INFO: [Opt 31-389] Phase Sweep created 0 cells and removed 0 cells

Phase 4 BUFG optimization
Phase 4 BUFG optimization | Checksum: f5996f98

Time (s): cpu = 00:00:00.01 ; elapsed = 00:00:00.02 . Memory (MB): peak = 2695.852 ; gain = 0.000 ; free physical = 3926 ; free virtual = 9382
INFO: [Opt 31-662] Phase BUFG optimization created 0 cells of which 0 are BUFGs and removed 0 cells.

Phase 5 Shift Register Optimization
INFO: [Opt 31-1064] SRL Remap converted 0 SRLs to 0 registers and converted 0 registers of register chains to 0 SRLs
Phase 5 Shift Register Optimization | Checksum: f5996f98

Time (s): cpu = 00:00:00.01 ; elapsed = 00:00:00.02 . Memory (MB): peak = 2695.852 ; gain = 0.000 ; free physical = 3926 ; free virtual = 9382
INFO: [Opt 31-389] Phase Shift Register Optimization created 0 cells and removed 0 cells

Phase 6 Post Processing Netlist
Phase 6 Post Processing Netlist | Checksum: f5996f98

Time (s): cpu = 00:00:00.01 ; elapsed = 00:00:00.02 . Memory (MB): peak = 2695.852 ; gain = 0.000 ; free physical = 3926 ; free virtual = 9382
INFO: [Opt 31-389] Phase Post Processing Netlist created 0 cells and removed 0 cells
Opt_design Change Summary
=========================


-------------------------------------------------------------------------------------------------------------------------
|  Phase                        |  #Cells created  |  #Cells Removed  |  #Constrained objects preventing optimizations  |
-------------------------------------------------------------------------------------------------------------------------
|  Retarget                     |               0  |               0  |                                              0  |
|  Constant propagation         |               0  |               0  |                                              0  |
|  Sweep                        |               0  |               0  |                                              0  |
|  BUFG optimization            |               0  |               0  |                                              0  |
|  Shift Register Optimization  |               0  |               0  |                                              0  |
|  Post Processing Netlist      |               0  |               0  |                                              0  |
-------------------------------------------------------------------------------------------------------------------------



Starting Connectivity Check Task

Time (s): cpu = 00:00:00 ; elapsed = 00:00:00 . Memory (MB): peak = 2695.852 ; gain = 0.000 ; free physical = 3926 ; free virtual = 9382
Ending Logic Optimization Task | Checksum: f5996f98

Time (s): cpu = 00:00:00.01 ; elapsed = 00:00:00.02 . Memory (MB): peak = 2695.852 ; gain = 0.000 ; free physical = 3926 ; free virtual = 9382

Starting Power Optimization Task
INFO: [Pwropt 34-132] Skipping clock gating for clocks with a period < 2.00 ns.
Ending Power Optimization Task | Checksum: f5996f98

Time (s): cpu = 00:00:00.01 ; elapsed = 00:00:00.01 . Memory (MB): peak = 2695.852 ; gain = 0.000 ; free physical = 3926 ; free virtual = 9382

Starting Final Cleanup Task
Ending Final Cleanup Task | Checksum: f5996f98

Time (s): cpu = 00:00:00 ; elapsed = 00:00:00 . Memory (MB): peak = 2695.852 ; gain = 0.000 ; free physical = 3926 ; free virtual = 9382

Starting Netlist Obfuscation Task
Netlist sorting complete. Time (s): cpu = 00:00:00 ; elapsed = 00:00:00 . Memory (MB): peak = 2695.852 ; gain = 0.000 ; free physical = 3926 ; free virtual = 9382
Ending Netlist Obfuscation Task | Checksum: f5996f98

Time (s): cpu = 00:00:00 ; elapsed = 00:00:00 . Memory (MB): peak = 2695.852 ; gain = 0.000 ; free physical = 3926 ; free virtual = 9382
INFO: [Common 17-83] Releasing license: Implementation
22 Infos, 0 Warnings, 0 Critical Warnings and 0 Errors encountered.
opt_design completed successfully
opt_design: Time (s): cpu = 00:00:08 ; elapsed = 00:00:08 . Memory (MB): peak = 2695.852 ; gain = 326.797 ; free physical = 3926 ; free virtual = 9382
INFO: [Common 17-1381] The checkpoint '/home/spdy18695/workbench/Vivado_projects/FIFO/FIFO.runs/impl_1/top_opt.dcp' has been generated.
INFO: [runtcl-4] Executing : report_drc -file top_drc_opted.rpt -pb top_drc_opted.pb -rpx top_drc_opted.rpx
Command: report_drc -file top_drc_opted.rpt -pb top_drc_opted.pb -rpx top_drc_opted.rpx
INFO: [IP_Flow 19-234] Refreshing IP repositories
INFO: [IP_Flow 19-1704] No user IP repositories specified
INFO: [IP_Flow 19-2313] Loaded Vivado IP repository '/tools/Xilinx/Vivado/2020.2/data/ip'.
INFO: [Timing 38-35] Done setting XDC timing constraints.
INFO: [DRC 23-27] Running DRC with 4 threads
INFO: [Coretcl 2-168] The results of DRC are in file /home/spdy18695/workbench/Vivado_projects/FIFO/FIFO.runs/impl_1/top_drc_opted.rpt.
report_drc completed successfully
Command: place_design
Attempting to get a license for feature 'Implementation' and/or device 'xc7a100t'
INFO: [Common 17-349] Got license for feature 'Implementation' and/or device 'xc7a100t'
INFO: [DRC 23-27] Running DRC with 4 threads
INFO: [Vivado_Tcl 4-198] DRC finished with 0 Errors
INFO: [Vivado_Tcl 4-199] Please refer to the DRC report (report_drc) for more information.
Running DRC as a precondition to command place_design
INFO: [DRC 23-27] Running DRC with 4 threads
INFO: [Vivado_Tcl 4-198] DRC finished with 0 Errors
INFO: [Vivado_Tcl 4-199] Please refer to the DRC report (report_drc) for more information.

Starting Placer Task
INFO: [Place 30-611] Multithreading enabled for place_design using a maximum of 4 CPUs

Phase 1 Placer Initialization

Phase 1.1 Placer Initialization Netlist Sorting
Netlist sorting complete. Time (s): cpu = 00:00:00 ; elapsed = 00:00:00 . Memory (MB): peak = 2803.242 ; gain = 0.000 ; free physical = 3860 ; free virtual = 9317
Phase 1.1 Placer Initialization Netlist Sorting | Checksum: 2ad8e6d2

Time (s): cpu = 00:00:00 ; elapsed = 00:00:00.03 . Memory (MB): peak = 2803.242 ; gain = 0.000 ; free physical = 3860 ; free virtual = 9317
Netlist sorting complete. Time (s): cpu = 00:00:00 ; elapsed = 00:00:00 . Memory (MB): peak = 2803.242 ; gain = 0.000 ; free physical = 3860 ; free virtual = 9317

Phase 1.2 IO Placement/ Clock Placement/ Build Placer Device
Phase 1.2 IO Placement/ Clock Placement/ Build Placer Device | Checksum: b0a9d1c3

Time (s): cpu = 00:00:00.44 ; elapsed = 00:00:00.24 . Memory (MB): peak = 2803.242 ; gain = 0.000 ; free physical = 3882 ; free virtual = 9342

Phase 1.3 Build Placer Netlist Model
Phase 1.3 Build Placer Netlist Model | Checksum: 10d29687b

Time (s): cpu = 00:00:00.53 ; elapsed = 00:00:00.30 . Memory (MB): peak = 2803.242 ; gain = 0.000 ; free physical = 3880 ; free virtual = 9341

Phase 1.4 Constrain Clocks/Macros
Phase 1.4 Constrain Clocks/Macros | Checksum: 10d29687b

Time (s): cpu = 00:00:00.54 ; elapsed = 00:00:00.31 . Memory (MB): peak = 2803.242 ; gain = 0.000 ; free physical = 3880 ; free virtual = 9341
Phase 1 Placer Initialization | Checksum: 10d29687b

Time (s): cpu = 00:00:00.56 ; elapsed = 00:00:00.32 . Memory (MB): peak = 2803.242 ; gain = 0.000 ; free physical = 3879 ; free virtual = 9340

Phase 2 Global Placement

Phase 2.1 Floorplanning
Phase 2.1 Floorplanning | Checksum: 10d29687b

Time (s): cpu = 00:00:00.56 ; elapsed = 00:00:00.32 . Memory (MB): peak = 2803.242 ; gain = 0.000 ; free physical = 3878 ; free virtual = 9339

Phase 2.2 Update Timing before SLR Path Opt
Phase 2.2 Update Timing before SLR Path Opt | Checksum: 10d29687b

Time (s): cpu = 00:00:00.56 ; elapsed = 00:00:00.32 . Memory (MB): peak = 2803.242 ; gain = 0.000 ; free physical = 3878 ; free virtual = 9339

Phase 2.3 Global Placement Core
WARNING: [Place 46-29] place_design is not in timing mode. Skip physical synthesis in placer
Phase 2.3 Global Placement Core | Checksum: 1a4caeb82

Time (s): cpu = 00:00:04 ; elapsed = 00:00:02 . Memory (MB): peak = 2803.242 ; gain = 0.000 ; free physical = 3856 ; free virtual = 9318
Phase 2 Global Placement | Checksum: 1a4caeb82

Time (s): cpu = 00:00:04 ; elapsed = 00:00:02 . Memory (MB): peak = 2803.242 ; gain = 0.000 ; free physical = 3856 ; free virtual = 9318

Phase 3 Detail Placement

Phase 3.1 Commit Multi Column Macros
Phase 3.1 Commit Multi Column Macros | Checksum: 1a4caeb82

Time (s): cpu = 00:00:04 ; elapsed = 00:00:02 . Memory (MB): peak = 2803.242 ; gain = 0.000 ; free physical = 3856 ; free virtual = 9318

Phase 3.2 Commit Most Macros & LUTRAMs
Phase 3.2 Commit Most Macros & LUTRAMs | Checksum: f351bda7

Time (s): cpu = 00:00:04 ; elapsed = 00:00:02 . Memory (MB): peak = 2803.242 ; gain = 0.000 ; free physical = 3855 ; free virtual = 9317

Phase 3.3 Area Swap Optimization
Phase 3.3 Area Swap Optimization | Checksum: 18a3cbabe

Time (s): cpu = 00:00:04 ; elapsed = 00:00:02 . Memory (MB): peak = 2803.242 ; gain = 0.000 ; free physical = 3855 ; free virtual = 9317

Phase 3.4 Pipeline Register Optimization
Phase 3.4 Pipeline Register Optimization | Checksum: 1763488f9

Time (s): cpu = 00:00:04 ; elapsed = 00:00:02 . Memory (MB): peak = 2803.242 ; gain = 0.000 ; free physical = 3855 ; free virtual = 9317

Phase 3.5 Small Shape Detail Placement
Phase 3.5 Small Shape Detail Placement | Checksum: 1b03fd6f2

Time (s): cpu = 00:00:04 ; elapsed = 00:00:02 . Memory (MB): peak = 2804.246 ; gain = 1.004 ; free physical = 3850 ; free virtual = 9312

Phase 3.6 Re-assign LUT pins
Phase 3.6 Re-assign LUT pins | Checksum: 1b03fd6f2

Time (s): cpu = 00:00:04 ; elapsed = 00:00:02 . Memory (MB): peak = 2804.246 ; gain = 1.004 ; free physical = 3850 ; free virtual = 9312

Phase 3.7 Pipeline Register Optimization
Phase 3.7 Pipeline Register Optimization | Checksum: 1b03fd6f2

Time (s): cpu = 00:00:04 ; elapsed = 00:00:02 . Memory (MB): peak = 2804.246 ; gain = 1.004 ; free physical = 3850 ; free virtual = 9312
Phase 3 Detail Placement | Checksum: 1b03fd6f2

Time (s): cpu = 00:00:04 ; elapsed = 00:00:02 . Memory (MB): peak = 2804.246 ; gain = 1.004 ; free physical = 3850 ; free virtual = 9312

Phase 4 Post Placement Optimization and Clean-Up

Phase 4.1 Post Commit Optimization
Phase 4.1 Post Commit Optimization | Checksum: 1b03fd6f2

Time (s): cpu = 00:00:04 ; elapsed = 00:00:02 . Memory (MB): peak = 2804.246 ; gain = 1.004 ; free physical = 3850 ; free virtual = 9312

Phase 4.2 Post Placement Cleanup
Phase 4.2 Post Placement Cleanup | Checksum: 1b03fd6f2

Time (s): cpu = 00:00:04 ; elapsed = 00:00:02 . Memory (MB): peak = 2804.246 ; gain = 1.004 ; free physical = 3851 ; free virtual = 9314

Phase 4.3 Placer Reporting

Phase 4.3.1 Print Estimated Congestion
INFO: [Place 30-612] Post-Placement Estimated Congestion 
 ____________________________________________________
|           | Global Congestion | Short Congestion  |
| Direction | Region Size       | Region Size       |
|___________|___________________|___________________|
|      North|                1x1|                1x1|
|___________|___________________|___________________|
|      South|                1x1|                1x1|
|___________|___________________|___________________|
|       East|                1x1|                1x1|
|___________|___________________|___________________|
|       West|                1x1|                1x1|
|___________|___________________|___________________|

Phase 4.3.1 Print Estimated Congestion | Checksum: 1b03fd6f2

Time (s): cpu = 00:00:04 ; elapsed = 00:00:02 . Memory (MB): peak = 2804.246 ; gain = 1.004 ; free physical = 3851 ; free virtual = 9314
Phase 4.3 Placer Reporting | Checksum: 1b03fd6f2

Time (s): cpu = 00:00:04 ; elapsed = 00:00:02 . Memory (MB): peak = 2804.246 ; gain = 1.004 ; free physical = 3851 ; free virtual = 9314

Phase 4.4 Final Placement Cleanup
Netlist sorting complete. Time (s): cpu = 00:00:00 ; elapsed = 00:00:00 . Memory (MB): peak = 2804.246 ; gain = 0.000 ; free physical = 3851 ; free virtual = 9314

Time (s): cpu = 00:00:04 ; elapsed = 00:00:02 . Memory (MB): peak = 2804.246 ; gain = 1.004 ; free physical = 3851 ; free virtual = 9314
Phase 4 Post Placement Optimization and Clean-Up | Checksum: 1c1b2a670

Time (s): cpu = 00:00:04 ; elapsed = 00:00:02 . Memory (MB): peak = 2804.246 ; gain = 1.004 ; free physical = 3851 ; free virtual = 9314
Ending Placer Task | Checksum: 12847b409

Time (s): cpu = 00:00:04 ; elapsed = 00:00:02 . Memory (MB): peak = 2804.246 ; gain = 1.004 ; free physical = 3851 ; free virtual = 9314
INFO: [Common 17-83] Releasing license: Implementation
40 Infos, 1 Warnings, 0 Critical Warnings and 0 Errors encountered.
place_design completed successfully
Writing placer database...
Writing XDEF routing.
Writing XDEF routing logical nets.
Writing XDEF routing special nets.
Write XDEF Complete: Time (s): cpu = 00:00:00.02 ; elapsed = 00:00:00 . Memory (MB): peak = 2812.250 ; gain = 0.000 ; free physical = 3869 ; free virtual = 9333
INFO: [Common 17-1381] The checkpoint '/home/spdy18695/workbench/Vivado_projects/FIFO/FIFO.runs/impl_1/top_placed.dcp' has been generated.
INFO: [runtcl-4] Executing : report_io -file top_io_placed.rpt
report_io: Time (s): cpu = 00:00:00.10 ; elapsed = 00:00:00.12 . Memory (MB): peak = 2812.250 ; gain = 0.000 ; free physical = 3861 ; free virtual = 9324
INFO: [runtcl-4] Executing : report_utilization -file top_utilization_placed.rpt -pb top_utilization_placed.pb
INFO: [runtcl-4] Executing : report_control_sets -verbose -file top_control_sets_placed.rpt
report_control_sets: Time (s): cpu = 00:00:00.05 ; elapsed = 00:00:00.08 . Memory (MB): peak = 2812.250 ; gain = 0.000 ; free physical = 3867 ; free virtual = 9330
Command: phys_opt_design
Attempting to get a license for feature 'Implementation' and/or device 'xc7a100t'
INFO: [Common 17-349] Got license for feature 'Implementation' and/or device 'xc7a100t'
INFO: [Vivado_Tcl 4-235] No timing constraint found. The netlist was not modified.
INFO: [Common 17-83] Releasing license: Implementation
47 Infos, 1 Warnings, 0 Critical Warnings and 0 Errors encountered.
phys_opt_design completed successfully
Writing placer database...
Writing XDEF routing.
Writing XDEF routing logical nets.
Writing XDEF routing special nets.
Write XDEF Complete: Time (s): cpu = 00:00:00.01 ; elapsed = 00:00:00.01 . Memory (MB): peak = 2812.250 ; gain = 0.000 ; free physical = 3837 ; free virtual = 9301
INFO: [Common 17-1381] The checkpoint '/home/spdy18695/workbench/Vivado_projects/FIFO/FIFO.runs/impl_1/top_physopt.dcp' has been generated.
Command: route_design
Attempting to get a license for feature 'Implementation' and/or device 'xc7a100t'
INFO: [Common 17-349] Got license for feature 'Implementation' and/or device 'xc7a100t'
Running DRC as a precondition to command route_design
INFO: [DRC 23-27] Running DRC with 4 threads
INFO: [Vivado_Tcl 4-198] DRC finished with 0 Errors
INFO: [Vivado_Tcl 4-199] Please refer to the DRC report (report_drc) for more information.


Starting Routing Task
INFO: [Route 35-254] Multithreading enabled for route_design using a maximum of 4 CPUs
Checksum: PlaceDB: fd6ecd37 ConstDB: 0 ShapeSum: 2ad8e6d2 RouteDB: 0

Phase 1 Build RT Design
Phase 1 Build RT Design | Checksum: 1091ca7f4

Time (s): cpu = 00:00:17 ; elapsed = 00:00:13 . Memory (MB): peak = 2900.129 ; gain = 86.977 ; free physical = 3687 ; free virtual = 9151
Post Restoration Checksum: NetGraph: 82236709 NumContArr: 86f940eb Constraints: 0 Timing: 0

Phase 2 Router Initialization
INFO: [Route 35-64] No timing constraints were detected. The router will operate in resource-optimization mode.

Phase 2.1 Fix Topology Constraints
Phase 2.1 Fix Topology Constraints | Checksum: 1091ca7f4

Time (s): cpu = 00:00:17 ; elapsed = 00:00:13 . Memory (MB): peak = 2907.125 ; gain = 93.973 ; free physical = 3671 ; free virtual = 9135

Phase 2.2 Pre Route Cleanup
Phase 2.2 Pre Route Cleanup | Checksum: 1091ca7f4

Time (s): cpu = 00:00:17 ; elapsed = 00:00:13 . Memory (MB): peak = 2907.125 ; gain = 93.973 ; free physical = 3671 ; free virtual = 9136
 Number of Nodes with overlaps = 0
Phase 2 Router Initialization | Checksum: 10975ca3e

Time (s): cpu = 00:00:18 ; elapsed = 00:00:14 . Memory (MB): peak = 2920.422 ; gain = 107.270 ; free physical = 3661 ; free virtual = 9126

Router Utilization Summary
  Global Vertical Routing Utilization    = 0 %
  Global Horizontal Routing Utilization  = 0 %
  Routable Net Status*
  *Does not include unroutable nets such as driverless and loadless.
  Run report_route_status for detailed report.
  Number of Failed Nets               = 47
    (Failed Nets is the sum of unrouted and partially routed nets)
  Number of Unrouted Nets             = 47
  Number of Partially Routed Nets     = 0
  Number of Node Overlaps             = 0


Phase 3 Initial Routing

Phase 3.1 Global Routing
Phase 3.1 Global Routing | Checksum: 10975ca3e

Time (s): cpu = 00:00:18 ; elapsed = 00:00:14 . Memory (MB): peak = 2924.688 ; gain = 111.535 ; free physical = 3660 ; free virtual = 9124
Phase 3 Initial Routing | Checksum: b6b8dbb2

Time (s): cpu = 00:00:18 ; elapsed = 00:00:14 . Memory (MB): peak = 2924.688 ; gain = 111.535 ; free physical = 3661 ; free virtual = 9126

Phase 4 Rip-up And Reroute

Phase 4.1 Global Iteration 0
 Number of Nodes with overlaps = 0
Phase 4.1 Global Iteration 0 | Checksum: 958c6864

Time (s): cpu = 00:00:18 ; elapsed = 00:00:14 . Memory (MB): peak = 2924.688 ; gain = 111.535 ; free physical = 3661 ; free virtual = 9126
Phase 4 Rip-up And Reroute | Checksum: 958c6864

Time (s): cpu = 00:00:18 ; elapsed = 00:00:14 . Memory (MB): peak = 2924.688 ; gain = 111.535 ; free physical = 3661 ; free virtual = 9126

Phase 5 Delay and Skew Optimization
Phase 5 Delay and Skew Optimization | Checksum: 958c6864

Time (s): cpu = 00:00:18 ; elapsed = 00:00:14 . Memory (MB): peak = 2924.688 ; gain = 111.535 ; free physical = 3661 ; free virtual = 9126

Phase 6 Post Hold Fix

Phase 6.1 Hold Fix Iter
Phase 6.1 Hold Fix Iter | Checksum: 958c6864

Time (s): cpu = 00:00:18 ; elapsed = 00:00:14 . Memory (MB): peak = 2924.688 ; gain = 111.535 ; free physical = 3661 ; free virtual = 9126
Phase 6 Post Hold Fix | Checksum: 958c6864

Time (s): cpu = 00:00:18 ; elapsed = 00:00:14 . Memory (MB): peak = 2924.688 ; gain = 111.535 ; free physical = 3661 ; free virtual = 9126

Phase 7 Route finalize

Router Utilization Summary
  Global Vertical Routing Utilization    = 0.00613657 %
  Global Horizontal Routing Utilization  = 0.00511509 %
  Routable Net Status*
  *Does not include unroutable nets such as driverless and loadless.
  Run report_route_status for detailed report.
  Number of Failed Nets               = 0
    (Failed Nets is the sum of unrouted and partially routed nets)
  Number of Unrouted Nets             = 0
  Number of Partially Routed Nets     = 0
  Number of Node Overlaps             = 0

Congestion Report
North Dir 1x1 Area, Max Cong = 5.40541%, No Congested Regions.
South Dir 1x1 Area, Max Cong = 30.6306%, No Congested Regions.
East Dir 1x1 Area, Max Cong = 7.35294%, No Congested Regions.
West Dir 1x1 Area, Max Cong = 13.2353%, No Congested Regions.

------------------------------
Reporting congestion hotspots
------------------------------
Direction: North
----------------
Congested clusters found at Level 0
Effective congestion level: 0 Aspect Ratio: 1 Sparse Ratio: 0
Direction: South
----------------
Congested clusters found at Level 0
Effective congestion level: 0 Aspect Ratio: 1 Sparse Ratio: 0
Direction: East
----------------
Congested clusters found at Level 0
Effective congestion level: 0 Aspect Ratio: 1 Sparse Ratio: 0
Direction: West
----------------
Congested clusters found at Level 0
Effective congestion level: 0 Aspect Ratio: 1 Sparse Ratio: 0

Phase 7 Route finalize | Checksum: 958c6864

Time (s): cpu = 00:00:18 ; elapsed = 00:00:14 . Memory (MB): peak = 2924.688 ; gain = 111.535 ; free physical = 3661 ; free virtual = 9126

Phase 8 Verifying routed nets

 Verification completed successfully
Phase 8 Verifying routed nets | Checksum: 958c6864

Time (s): cpu = 00:00:18 ; elapsed = 00:00:14 . Memory (MB): peak = 2924.688 ; gain = 111.535 ; free physical = 3661 ; free virtual = 9126

Phase 9 Depositing Routes
Phase 9 Depositing Routes | Checksum: 367a78e9

Time (s): cpu = 00:00:18 ; elapsed = 00:00:14 . Memory (MB): peak = 2924.688 ; gain = 111.535 ; free physical = 3661 ; free virtual = 9125
INFO: [Route 35-16] Router Completed Successfully

Time (s): cpu = 00:00:18 ; elapsed = 00:00:14 . Memory (MB): peak = 2924.688 ; gain = 111.535 ; free physical = 3680 ; free virtual = 9145

Routing Is Done.
INFO: [Common 17-83] Releasing license: Implementation
56 Infos, 1 Warnings, 0 Critical Warnings and 0 Errors encountered.
route_design completed successfully
route_design: Time (s): cpu = 00:00:20 ; elapsed = 00:00:14 . Memory (MB): peak = 2924.688 ; gain = 112.438 ; free physical = 3680 ; free virtual = 9145
INFO: [Common 17-600] The following parameters have non-default value.
general.maxThreads
Writing placer database...
Writing XDEF routing.
Writing XDEF routing logical nets.
Writing XDEF routing special nets.
Write XDEF Complete: Time (s): cpu = 00:00:00.02 ; elapsed = 00:00:00.01 . Memory (MB): peak = 2938.629 ; gain = 5.938 ; free physical = 3681 ; free virtual = 9147
INFO: [Common 17-1381] The checkpoint '/home/spdy18695/workbench/Vivado_projects/FIFO/FIFO.runs/impl_1/top_routed.dcp' has been generated.
INFO: [runtcl-4] Executing : report_drc -file top_drc_routed.rpt -pb top_drc_routed.pb -rpx top_drc_routed.rpx
Command: report_drc -file top_drc_routed.rpt -pb top_drc_routed.pb -rpx top_drc_routed.rpx
INFO: [IP_Flow 19-1839] IP Catalog is up to date.
INFO: [DRC 23-27] Running DRC with 4 threads
INFO: [Coretcl 2-168] The results of DRC are in file /home/spdy18695/workbench/Vivado_projects/FIFO/FIFO.runs/impl_1/top_drc_routed.rpt.
report_drc completed successfully
INFO: [runtcl-4] Executing : report_methodology -file top_methodology_drc_routed.rpt -pb top_methodology_drc_routed.pb -rpx top_methodology_drc_routed.rpx
Command: report_methodology -file top_methodology_drc_routed.rpt -pb top_methodology_drc_routed.pb -rpx top_methodology_drc_routed.rpx
INFO: [Timing 38-35] Done setting XDC timing constraints.
INFO: [DRC 23-133] Running Methodology with 4 threads
INFO: [Coretcl 2-1520] The results of Report Methodology are in file /home/spdy18695/workbench/Vivado_projects/FIFO/FIFO.runs/impl_1/top_methodology_drc_routed.rpt.
report_methodology completed successfully
INFO: [runtcl-4] Executing : report_power -file top_power_routed.rpt -pb top_power_summary_routed.pb -rpx top_power_routed.rpx
Command: report_power -file top_power_routed.rpt -pb top_power_summary_routed.pb -rpx top_power_routed.rpx
INFO: [Timing 38-35] Done setting XDC timing constraints.
WARNING: [Power 33-232] No user defined clocks were found in the design! Power estimation will be inaccurate until this is corrected.
Resolution: Please specify clocks using create_clock/create_generated_clock for sequential elements. For pure combinatorial circuits, please specify a virtual clock, otherwise the vectorless estimation might be inaccurate
Running Vector-less Activity Propagation...

Finished Running Vector-less Activity Propagation
68 Infos, 2 Warnings, 0 Critical Warnings and 0 Errors encountered.
report_power completed successfully
INFO: [runtcl-4] Executing : report_route_status -file top_route_status.rpt -pb top_route_status.pb
INFO: [runtcl-4] Executing : report_timing_summary -max_paths 10 -file top_timing_summary_routed.rpt -pb top_timing_summary_routed.pb -rpx top_timing_summary_routed.rpx -warn_on_violation 
INFO: [Timing 38-91] UpdateTimingParams: Speed grade: -1, Delay Type: min_max.
INFO: [Timing 38-191] Multithreading enabled for timing update using a maximum of 4 CPUs
WARNING: [Timing 38-313] There are no user specified timing constraints. Timing constraints are needed for proper timing analysis.
INFO: [runtcl-4] Executing : report_incremental_reuse -file top_incremental_reuse_routed.rpt
INFO: [Vivado_Tcl 4-1062] Incremental flow is disabled. No incremental reuse Info to report.
INFO: [runtcl-4] Executing : report_clock_utilization -file top_clock_utilization_routed.rpt
INFO: [runtcl-4] Executing : report_bus_skew -warn_on_violation -file top_bus_skew_routed.rpt -pb top_bus_skew_routed.pb -rpx top_bus_skew_routed.rpx
INFO: [Timing 38-91] UpdateTimingParams: Speed grade: -1, Delay Type: min_max.
INFO: [Timing 38-191] Multithreading enabled for timing update using a maximum of 4 CPUs
INFO: [Common 17-206] Exiting Vivado at Fri Feb  5 11:03:59 2021...
